app/build/intermediates/manifest_merge_blame_file/debug/processDebugMainManifest/manifest-merger-blame-debug-report.txt
1<?xml version="1.0" encoding="utf-8"?>
2<manifest xmlns:android="http://schemas.android.com/apk/res/android"
3    package="com.iritech.android.irissample"
4    android:testOnly="false"
5    android:versionCode="2020126"
6    android:versionName="2.0.20126" >
7
8    <uses-sdk
9        android:minSdkVersion="24"
10        android:targetSdkVersion="34" />
11
12    <uses-feature
12-->src\main\AndroidManifest.xml:5:5-7:36
13        android:name="android.hardware.camera"
13-->src\main\AndroidManifest.xml:6:9-47
14        android:required="false" />
14-->src\main\AndroidManifest.xml:7:9-33
15
16    <uses-permission android:name="android.permission.USE_BIOMETRIC" />
16-->src\main\AndroidManifest.xml:8:5-72
16-->src\main\AndroidManifest.xml:8:22-69
17    <uses-permission android:name="android.permission.CAMERA" />
17-->src\main\AndroidManifest.xml:9:5-65
17-->src\main\AndroidManifest.xml:9:22-62
18    <uses-permission android:name="android.permission.READ_MEDIA_IMAGES" />
18-->src\main\AndroidManifest.xml:10:5-76
18-->src\main\AndroidManifest.xml:10:22-73
19    <uses-permission android:name="android.permission.DISABLE_KEYGUARD" />
19-->src\main\AndroidManifest.xml:11:5-75
19-->src\main\AndroidManifest.xml:11:22-72
20    <uses-permission android:name="android.permission.VIBRATE" />
20-->src\main\AndroidManifest.xml:12:5-66
20-->src\main\AndroidManifest.xml:12:22-63
21    <uses-permission android:name="android.permission.GET_ACCOUNTS" />
21-->src\main\AndroidManifest.xml:13:5-71
21-->src\main\AndroidManifest.xml:13:22-68
22    <uses-permission android:name="android.permission.WAKE_LOCK" />
22-->src\main\AndroidManifest.xml:14:5-68
22-->src\main\AndroidManifest.xml:14:22-65
23    <uses-permission android:name="android.permission.INTERNET" />
23-->src\main\AndroidManifest.xml:15:5-67
23-->src\main\AndroidManifest.xml:15:22-64
24    <!-- khai bao GPS -->
25    <!-- <uses-permission android:name="android.permission.ACCESS_FINE_LOCATION" /> -->
26    <uses-permission android:name="android.permission.ACCESS_NETWORK_STATE" />
26-->src\main\AndroidManifest.xml:18:5-79
26-->src\main\AndroidManifest.xml:18:22-76
27    <uses-permission android:name="android.permission.CHANGE_NETWORK_STATE" />
27-->src\main\AndroidManifest.xml:19:5-79
27-->src\main\AndroidManifest.xml:19:22-76
28    <uses-permission android:name="android.permission.READ_EXTERNAL_STORAGE" />
28-->src\main\AndroidManifest.xml:20:5-80
28-->src\main\AndroidManifest.xml:20:22-77
29    <uses-permission android:name="android.permission.WRITE_EXTERNAL_STORAGE" />
29-->src\main\AndroidManifest.xml:21:5-81
29-->src\main\AndroidManifest.xml:21:22-78
30    <uses-permission android:name="android.permission.READ_MEDIA_STORAGE" />
30-->src\main\AndroidManifest.xml:22:5-77
30-->src\main\AndroidManifest.xml:22:22-74
31    <uses-permission android:name="android.permission.ACCESS_WIFI_STATE" />
31-->src\main\AndroidManifest.xml:23:5-76
31-->src\main\AndroidManifest.xml:23:22-73
32    <uses-permission android:name="android.permission.CHANGE_WIFI_STATE" />
32-->src\main\AndroidManifest.xml:24:5-76
32-->src\main\AndroidManifest.xml:24:22-73
33    <uses-permission android:name="android.permission.UPDATE_DEVICE_STATE" />
33-->src\main\AndroidManifest.xml:25:5-78
33-->src\main\AndroidManifest.xml:25:22-75
34    <uses-permission android:name="android.permission.BLUETOOTH" />
34-->src\main\AndroidManifest.xml:26:5-68
34-->src\main\AndroidManifest.xml:26:22-65
35    <uses-permission android:name="android.permission.BLUETOOTH_ADMIN" />
35-->src\main\AndroidManifest.xml:27:5-74
35-->src\main\AndroidManifest.xml:27:22-71
36    <uses-permission android:name="android.permission.READ_PHONE_STATE" />
36-->src\main\AndroidManifest.xml:28:5-75
36-->src\main\AndroidManifest.xml:28:22-72
37    <uses-permission android:name="android.permission.READ_SYNC_SETTINGS" />
37-->src\main\AndroidManifest.xml:29:5-77
37-->src\main\AndroidManifest.xml:29:22-74
38    <uses-permission android:name="android.permission.READ_SYNC_STATS" />
38-->src\main\AndroidManifest.xml:30:5-74
38-->src\main\AndroidManifest.xml:30:22-71
39    <uses-permission android:name="android.permission.RECEIVE_BOOT_COMPLETED" />
39-->src\main\AndroidManifest.xml:31:5-81
39-->src\main\AndroidManifest.xml:31:22-78
40    <uses-permission android:name="android.permission.GET_TASKS" />
40-->src\main\AndroidManifest.xml:32:5-68
40-->src\main\AndroidManifest.xml:32:22-65
41    <uses-permission android:name="android.permission.READ_OWNER_DATA" />
41-->src\main\AndroidManifest.xml:33:5-74
41-->src\main\AndroidManifest.xml:33:22-71
42    <uses-permission android:name="android.permission.WRITE_OWNER_DATA" />
42-->src\main\AndroidManifest.xml:34:5-75
42-->src\main\AndroidManifest.xml:34:22-72
43    <uses-permission android:name="com.id2mp.permissions.IRIS" />
43-->src\main\AndroidManifest.xml:35:5-66
43-->src\main\AndroidManifest.xml:35:22-63
44
45    <!-- suppress DeprecatedClassUsageInspection -->
46    <uses-permission android:name="android.permission.USE_FINGERPRINT" /> <!-- Required by older versions of Google Play services to create GCM registration tokens -->
46-->[androidx.biometric:biometric:1.1.0] AndroidManifest.xml:27:5-74
46-->[androidx.biometric:biometric:1.1.0] AndroidManifest.xml:27:22-71
47    <uses-permission android:name="com.google.android.c2dm.permission.RECEIVE" />
47-->[com.google.android.gms:play-services-gcm:17.0.0] AndroidManifest.xml:23:5-82
47-->[com.google.android.gms:play-services-gcm:17.0.0] AndroidManifest.xml:23:22-79
48
49    <permission
49-->[androidx.core:core:1.10.0] AndroidManifest.xml:22:5-24:47
50        android:name="com.iritech.android.irissample.DYNAMIC_RECEIVER_NOT_EXPORTED_PERMISSION"
50-->[androidx.core:core:1.10.0] AndroidManifest.xml:23:9-81
51        android:protectionLevel="signature" />
51-->[androidx.core:core:1.10.0] AndroidManifest.xml:24:9-44
52
53    <uses-permission android:name="com.iritech.android.irissample.DYNAMIC_RECEIVER_NOT_EXPORTED_PERMISSION" />
53-->[androidx.core:core:1.10.0] AndroidManifest.xml:26:5-97
53-->[androidx.core:core:1.10.0] AndroidManifest.xml:26:22-94
54    <uses-permission android:name="android.permission.WRITE_INTERNAL_STORAGE" />
54-->[:iricapture+] AndroidManifest.xml:11:5-81
54-->[:iricapture+] AndroidManifest.xml:11:22-78
55    <uses-permission android:name="android.permission.READ_INTERNAL_STORAGE" />
55-->[:iricapture+] AndroidManifest.xml:12:5-80
55-->[:iricapture+] AndroidManifest.xml:12:22-77
56    <uses-permission android:name="android.permission.ACCESS_FINE_LOCATION" />
56-->[:iricapture+] AndroidManifest.xml:14:5-79
56-->[:iricapture+] AndroidManifest.xml:14:22-76
57    <uses-permission android:name="android.permission.MOUNT_UNMOUNT_FILESYSTEMS" />
57-->[:iricapture+] AndroidManifest.xml:18:5-84
57-->[:iricapture+] AndroidManifest.xml:18:22-81
58    <uses-permission android:name="android.permission.READ_LOGS" />
58-->[:iricapture+] AndroidManifest.xml:24:5-68
58-->[:iricapture+] AndroidManifest.xml:24:22-65
59    <uses-permission android:name="android.permission.WRITE_SETTINGS" />
59-->[:iricapture+] AndroidManifest.xml:28:5-73
59-->[:iricapture+] AndroidManifest.xml:28:22-70
60    <uses-permission android:name="android.permission.SET_TIME_ZONE" />
60-->[:iricapture+] AndroidManifest.xml:31:5-72
60-->[:iricapture+] AndroidManifest.xml:31:22-69
61
62    <application
62-->src\main\AndroidManifest.xml:37:5-130:19
63        android:allowBackup="true"
63-->src\main\AndroidManifest.xml:38:9-35
64        android:appComponentFactory="androidx.core.app.CoreComponentFactory"
64-->[androidx.core:core:1.10.0] AndroidManifest.xml:28:18-86
65        android:debuggable="true"
66        android:extractNativeLibs="false"
67        android:icon="@drawable/ic_app_logo"
67-->src\main\AndroidManifest.xml:39:9-45
68        android:label="@string/app_name"
68-->src\main\AndroidManifest.xml:40:9-41
69        android:requestLegacyExternalStorage="true"
69-->src\main\AndroidManifest.xml:41:9-52
70        android:supportsRtl="true"
70-->src\main\AndroidManifest.xml:42:9-35
71        android:testOnly="true"
72        android:theme="@style/AppTheme" >
72-->src\main\AndroidManifest.xml:43:9-40
73        <activity
73-->src\main\AndroidManifest.xml:44:9-48:47
74            android:name="com.iritech.irissample.FaceRecognitionActivity"
74-->src\main\AndroidManifest.xml:45:13-52
75            android:exported="false"
75-->src\main\AndroidManifest.xml:46:13-37
76            android:label="@string/title_activity_face_recognition"
76-->src\main\AndroidManifest.xml:47:13-68
77            android:theme="@style/AppTheme" />
77-->src\main\AndroidManifest.xml:48:13-44
78
79        <provider
79-->src\main\AndroidManifest.xml:50:9-58:20
80            android:name="androidx.core.content.FileProvider"
80-->src\main\AndroidManifest.xml:51:13-62
81            android:authorities="com.iritech.irissample.fileprovider"
81-->src\main\AndroidManifest.xml:52:13-70
82            android:exported="false"
82-->src\main\AndroidManifest.xml:53:13-37
83            android:grantUriPermissions="true" >
83-->src\main\AndroidManifest.xml:54:13-47
84            <meta-data
84-->src\main\AndroidManifest.xml:55:13-57:54
85                android:name="android.support.FILE_PROVIDER_PATHS"
85-->src\main\AndroidManifest.xml:56:17-67
86                android:resource="@xml/file_paths" />
86-->src\main\AndroidManifest.xml:57:17-51
87        </provider>
88
89        <activity
89-->src\main\AndroidManifest.xml:60:9-87:20
90            android:name="com.iritech.irissample.LoginActivity"
90-->src\main\AndroidManifest.xml:61:13-42
91            android:exported="true"
91-->src\main\AndroidManifest.xml:62:13-36
92            android:launchMode="singleTask" >
92-->src\main\AndroidManifest.xml:63:13-44
93
94            <!-- Launcher intent -->
95            <intent-filter>
95-->src\main\AndroidManifest.xml:66:13-70:29
96                <action android:name="android.intent.action.MAIN" />
96-->src\main\AndroidManifest.xml:67:17-69
96-->src\main\AndroidManifest.xml:67:25-66
97
98                <category android:name="android.intent.category.LAUNCHER" />
98-->src\main\AndroidManifest.xml:69:17-77
98-->src\main\AndroidManifest.xml:69:27-74
99            </intent-filter>
100
101            <!-- Deep link intent - Mở app từ email -->
102            <intent-filter android:autoVerify="true" >
102-->src\main\AndroidManifest.xml:73:13-86:29
102-->src\main\AndroidManifest.xml:73:28-53
103                <data android:scheme="http" />
103-->src\main\AndroidManifest.xml:74:17-47
103-->src\main\AndroidManifest.xml:74:23-44
104                <data android:scheme="https" />
104-->src\main\AndroidManifest.xml:74:17-47
104-->src\main\AndroidManifest.xml:74:23-44
105
106                <action android:name="android.intent.action.VIEW" />
106-->src\main\AndroidManifest.xml:77:17-69
106-->src\main\AndroidManifest.xml:77:25-66
107
108                <category android:name="android.intent.category.DEFAULT" />
108-->src\main\AndroidManifest.xml:79:17-76
108-->src\main\AndroidManifest.xml:79:27-73
109                <category android:name="android.intent.category.BROWSABLE" />
109-->src\main\AndroidManifest.xml:80:17-78
109-->src\main\AndroidManifest.xml:80:27-75
110
111                <!-- Custom scheme: irissample://login -->
112                <data
112-->src\main\AndroidManifest.xml:74:17-47
113                    android:host="login"
113-->src\main\AndroidManifest.xml:84:21-41
114                    android:scheme="irissample" />
114-->src\main\AndroidManifest.xml:74:23-44
115            </intent-filter>
116        </activity>
117        <activity android:name="com.iritech.irissample.RegisterAdminActivity" />
117-->src\main\AndroidManifest.xml:88:9-59
117-->src\main\AndroidManifest.xml:88:19-56
118        <activity android:name="com.iritech.irissample.AdminListActivity" />
118-->src\main\AndroidManifest.xml:89:9-55
118-->src\main\AndroidManifest.xml:89:19-52
119        <activity android:name="com.iritech.irissample.AdminDetailActivity" />
119-->src\main\AndroidManifest.xml:90:9-57
119-->src\main\AndroidManifest.xml:90:19-54
120        <activity android:name="com.iritech.irissample.ProfileActivity" />
120-->src\main\AndroidManifest.xml:91:9-53
120-->src\main\AndroidManifest.xml:91:19-50
121        <activity android:name="com.iritech.irissample.SubjectListActivity" />
121-->src\main\AndroidManifest.xml:92:9-57
121-->src\main\AndroidManifest.xml:92:19-54
122        <activity android:name="com.iritech.irissample.StudentListActivity" />
122-->src\main\AndroidManifest.xml:93:9-57
122-->src\main\AndroidManifest.xml:93:19-54
123        <activity android:name="com.iritech.irissample.AddSubjectActivity" />
123-->src\main\AndroidManifest.xml:94:9-56
123-->src\main\AndroidManifest.xml:94:19-53
124        <activity android:name="com.iritech.irissample.ImportCsvActivity" />
124-->src\main\AndroidManifest.xml:95:9-55
124-->src\main\AndroidManifest.xml:95:19-52
125        <activity android:name="com.iritech.irissample.AddStudentActivity" />
125-->src\main\AndroidManifest.xml:96:9-56
125-->src\main\AndroidManifest.xml:96:19-53
126        <activity android:name="com.iritech.irissample.ForgotPasswordActivity" />
126-->src\main\AndroidManifest.xml:97:9-60
126-->src\main\AndroidManifest.xml:97:19-57
127        <activity
127-->src\main\AndroidManifest.xml:98:9-100:56
128            android:name="com.iritech.irissample.MockCheckinActivity"
128-->src\main\AndroidManifest.xml:99:13-48
129            android:label="Mock Checkin - DEMO Mode" /> <!-- AttendanceManagementActivity - Quản lý export CSV và gửi email báo cáo điểm danh -->
129-->src\main\AndroidManifest.xml:100:13-53
130        <activity
130-->src\main\AndroidManifest.xml:101:9-104:65
131            android:name="com.iritech.irissample.AttendanceManagementActivity"
131-->src\main\AndroidManifest.xml:102:13-57
132            android:label="Quản lý điểm danh"
132-->src\main\AndroidManifest.xml:103:13-46
133            android:parentActivityName="com.iritech.irissample.StudentListActivity" /> <!-- BackupRestoreActivity - Quản lý backup/restore database (chỉ Super Admin) -->
133-->src\main\AndroidManifest.xml:104:13-62
134        <activity
134-->src\main\AndroidManifest.xml:105:9-107:61
135            android:name="com.iritech.irissample.BackupRestoreActivity"
135-->src\main\AndroidManifest.xml:106:13-50
136            android:label="Backup &amp; Restore Database" /> <!-- ResetPasswordActivity - Nhận deep link từ email reset password -->
136-->src\main\AndroidManifest.xml:107:13-58
137        <activity
137-->src\main\AndroidManifest.xml:108:9-125:20
138            android:name="com.iritech.irissample.ResetPasswordActivity"
138-->src\main\AndroidManifest.xml:109:13-50
139            android:exported="true"
139-->src\main\AndroidManifest.xml:110:13-36
140            android:launchMode="singleTask" >
140-->src\main\AndroidManifest.xml:111:13-44
141
142            <!-- Deep link intent - Reset password từ email -->
143            <intent-filter android:autoVerify="true" >
143-->src\main\AndroidManifest.xml:114:13-124:29
143-->src\main\AndroidManifest.xml:114:28-53
144                <action android:name="android.intent.action.VIEW" />
144-->src\main\AndroidManifest.xml:77:17-69
144-->src\main\AndroidManifest.xml:77:25-66
145
146                <category android:name="android.intent.category.DEFAULT" />
146-->src\main\AndroidManifest.xml:79:17-76
146-->src\main\AndroidManifest.xml:79:27-73
147                <category android:name="android.intent.category.BROWSABLE" />
147-->src\main\AndroidManifest.xml:80:17-78
147-->src\main\AndroidManifest.xml:80:27-75
148
149                <!-- Custom scheme: irissample://reset-password?email=xxx&token=xxx -->
150                <data
150-->src\main\AndroidManifest.xml:74:17-47
151                    android:host="reset-password"
151-->src\main\AndroidManifest.xml:84:21-41
152                    android:scheme="irissample" />
152-->src\main\AndroidManifest.xml:74:23-44
153            </intent-filter>
154        </activity>
155        <activity
155-->src\main\AndroidManifest.xml:126:9-129:59
156            android:name="com.iritech.irissample.MainActivity"
156-->src\main\AndroidManifest.xml:127:13-41
157            android:screenOrientation="portrait"
157-->src\main\AndroidManifest.xml:128:13-49
158            android:theme="@style/AppTheme.NoActionBar" />
158-->src\main\AndroidManifest.xml:129:13-56
159        <activity
159-->[androidx.compose.ui:ui-tooling-android:1.5.4] AndroidManifest.xml:23:9-25:39
160            android:name="androidx.compose.ui.tooling.PreviewActivity"
160-->[androidx.compose.ui:ui-tooling-android:1.5.4] AndroidManifest.xml:24:13-71
161            android:exported="true" />
161-->[androidx.compose.ui:ui-tooling-android:1.5.4] AndroidManifest.xml:25:13-36
162        <activity
162-->[androidx.compose.ui:ui-test-manifest:1.5.4] AndroidManifest.xml:23:9-25:39
163            android:name="androidx.activity.ComponentActivity"
163-->[androidx.compose.ui:ui-test-manifest:1.5.4] AndroidManifest.xml:24:13-63
164            android:exported="true" />
164-->[androidx.compose.ui:ui-test-manifest:1.5.4] AndroidManifest.xml:25:13-36
165        <activity
165-->[:iris] AndroidManifest.xml:16:9-22:20
166            android:name="com.iritech.iris.CaptureActivity"
166-->[:iris] AndroidManifest.xml:17:13-60
167            android:label="@string/title_activity_iri"
167-->[:iris] AndroidManifest.xml:18:13-55
168            android:noHistory="false"
168-->[:iris] AndroidManifest.xml:19:13-38
169            android:screenOrientation="portrait"
169-->[:iris] AndroidManifest.xml:20:13-49
170            android:theme="@style/Theme.AppCompat.Light.NoActionBar" >
170-->[:iris] AndroidManifest.xml:21:13-69
171        </activity>
172        <activity android:name="com.iritech.iris.TestActivity" />
172-->[:iris] AndroidManifest.xml:23:9-66
172-->[:iris] AndroidManifest.xml:23:19-63
173
174        <service
174-->[com.google.android.gms:play-services-mlkit-face-detection:17.0.1] AndroidManifest.xml:9:9-15:19
175            android:name="com.google.mlkit.common.internal.MlKitComponentDiscoveryService"
175-->[com.google.android.gms:play-services-mlkit-face-detection:17.0.1] AndroidManifest.xml:10:13-91
176            android:directBootAware="true"
176-->[com.google.mlkit:common:18.1.0] AndroidManifest.xml:17:13-43
177            android:exported="false" >
177-->[com.google.android.gms:play-services-mlkit-face-detection:17.0.1] AndroidManifest.xml:11:13-37
178            <meta-data
178-->[com.google.android.gms:play-services-mlkit-face-detection:17.0.1] AndroidManifest.xml:12:13-14:85
179                android:name="com.google.firebase.components:com.google.mlkit.vision.face.internal.FaceRegistrar"
179-->[com.google.android.gms:play-services-mlkit-face-detection:17.0.1] AndroidManifest.xml:13:17-114
180                android:value="com.google.firebase.components.ComponentRegistrar" />
180-->[com.google.android.gms:play-services-mlkit-face-detection:17.0.1] AndroidManifest.xml:14:17-82
181            <meta-data
181-->[com.google.mlkit:vision-common:17.1.0] AndroidManifest.xml:12:13-14:85
182                android:name="com.google.firebase.components:com.google.mlkit.vision.common.internal.VisionCommonRegistrar"
182-->[com.google.mlkit:vision-common:17.1.0] AndroidManifest.xml:13:17-124
183                android:value="com.google.firebase.components.ComponentRegistrar" />
183-->[com.google.mlkit:vision-common:17.1.0] AndroidManifest.xml:14:17-82
184            <meta-data
184-->[com.google.mlkit:common:18.1.0] AndroidManifest.xml:20:13-22:85
185                android:name="com.google.firebase.components:com.google.mlkit.common.internal.CommonComponentRegistrar"
185-->[com.google.mlkit:common:18.1.0] AndroidManifest.xml:21:17-120
186                android:value="com.google.firebase.components.ComponentRegistrar" />
186-->[com.google.mlkit:common:18.1.0] AndroidManifest.xml:22:17-82
187        </service>
188
189        <provider
189-->[com.google.mlkit:common:18.1.0] AndroidManifest.xml:9:9-13:38
190            android:name="com.google.mlkit.common.internal.MlKitInitProvider"
190-->[com.google.mlkit:common:18.1.0] AndroidManifest.xml:10:13-78
191            android:authorities="com.iritech.android.irissample.mlkitinitprovider"
191-->[com.google.mlkit:common:18.1.0] AndroidManifest.xml:11:13-69
192            android:exported="false"
192-->[com.google.mlkit:common:18.1.0] AndroidManifest.xml:12:13-37
193            android:initOrder="99" />
193-->[com.google.mlkit:common:18.1.0] AndroidManifest.xml:13:13-35
194
195        <activity
195-->[com.google.android.gms:play-services-base:18.0.1] AndroidManifest.xml:20:9-22:45
196            android:name="com.google.android.gms.common.api.GoogleApiActivity"
196-->[com.google.android.gms:play-services-base:18.0.1] AndroidManifest.xml:20:19-85
197            android:exported="false"
197-->[com.google.android.gms:play-services-base:18.0.1] AndroidManifest.xml:22:19-43
198            android:theme="@android:style/Theme.Translucent.NoTitleBar" />
198-->[com.google.android.gms:play-services-base:18.0.1] AndroidManifest.xml:21:19-78
199
200        <meta-data
200-->[com.google.android.gms:play-services-basement:18.0.0] AndroidManifest.xml:21:9-23:69
201            android:name="com.google.android.gms.version"
201-->[com.google.android.gms:play-services-basement:18.0.0] AndroidManifest.xml:22:13-58
202            android:value="@integer/google_play_services_version" />
202-->[com.google.android.gms:play-services-basement:18.0.0] AndroidManifest.xml:23:13-66
203
204        <service
204-->[androidx.camera:camera-camera2:1.2.2] AndroidManifest.xml:24:9-33:19
205            android:name="androidx.camera.core.impl.MetadataHolderService"
205-->[androidx.camera:camera-camera2:1.2.2] AndroidManifest.xml:25:13-75
206            android:enabled="false"
206-->[androidx.camera:camera-camera2:1.2.2] AndroidManifest.xml:26:13-36
207            android:exported="false" >
207-->[androidx.camera:camera-camera2:1.2.2] AndroidManifest.xml:27:13-37
208            <meta-data
208-->[androidx.camera:camera-camera2:1.2.2] AndroidManifest.xml:30:13-32:89
209                android:name="androidx.camera.core.impl.MetadataHolderService.DEFAULT_CONFIG_PROVIDER"
209-->[androidx.camera:camera-camera2:1.2.2] AndroidManifest.xml:31:17-103
210                android:value="androidx.camera.camera2.Camera2Config$DefaultProvider" />
210-->[androidx.camera:camera-camera2:1.2.2] AndroidManifest.xml:32:17-86
211        </service>
212
213        <provider
213-->[androidx.emoji2:emoji2:1.4.0] AndroidManifest.xml:24:9-32:20
214            android:name="androidx.startup.InitializationProvider"
214-->[androidx.emoji2:emoji2:1.4.0] AndroidManifest.xml:25:13-67
215            android:authorities="com.iritech.android.irissample.androidx-startup"
215-->[androidx.emoji2:emoji2:1.4.0] AndroidManifest.xml:26:13-68
216            android:exported="false" >
216-->[androidx.emoji2:emoji2:1.4.0] AndroidManifest.xml:27:13-37
217            <meta-data
217-->[androidx.emoji2:emoji2:1.4.0] AndroidManifest.xml:29:13-31:52
218                android:name="androidx.emoji2.text.EmojiCompatInitializer"
218-->[androidx.emoji2:emoji2:1.4.0] AndroidManifest.xml:30:17-75
219                android:value="androidx.startup" />
219-->[androidx.emoji2:emoji2:1.4.0] AndroidManifest.xml:31:17-49
220            <meta-data
220-->[androidx.lifecycle:lifecycle-process:2.6.1] AndroidManifest.xml:29:13-31:52
221                android:name="androidx.lifecycle.ProcessLifecycleInitializer"
221-->[androidx.lifecycle:lifecycle-process:2.6.1] AndroidManifest.xml:30:17-78
222                android:value="androidx.startup" />
222-->[androidx.lifecycle:lifecycle-process:2.6.1] AndroidManifest.xml:31:17-49
223            <meta-data
223-->[androidx.profileinstaller:profileinstaller:1.3.0] AndroidManifest.xml:29:13-31:52
224                android:name="androidx.profileinstaller.ProfileInstallerInitializer"
224-->[androidx.profileinstaller:profileinstaller:1.3.0] AndroidManifest.xml:30:17-85
225                android:value="androidx.startup" />
225-->[androidx.profileinstaller:profileinstaller:1.3.0] AndroidManifest.xml:31:17-49
226        </provider>
227
228        <service
228-->[com.google.android.datatransport:transport-backend-cct:2.3.3] AndroidManifest.xml:29:9-35:19
229            android:name="com.google.android.datatransport.runtime.backends.TransportBackendDiscovery"
229-->[com.google.android.datatransport:transport-backend-cct:2.3.3] AndroidManifest.xml:30:13-103
230            android:exported="false" >
230-->[com.google.android.datatransport:transport-backend-cct:2.3.3] AndroidManifest.xml:31:13-37
231            <meta-data
231-->[com.google.android.datatransport:transport-backend-cct:2.3.3] AndroidManifest.xml:32:13-34:39
232                android:name="backend:com.google.android.datatransport.cct.CctBackendFactory"
232-->[com.google.android.datatransport:transport-backend-cct:2.3.3] AndroidManifest.xml:33:17-94
233                android:value="cct" />
233-->[com.google.android.datatransport:transport-backend-cct:2.3.3] AndroidManifest.xml:34:17-36
234        </service>
235        <service
235-->[com.google.android.datatransport:transport-runtime:2.2.6] AndroidManifest.xml:26:9-30:19
236            android:name="com.google.android.datatransport.runtime.scheduling.jobscheduling.JobInfoSchedulerService"
236-->[com.google.android.datatransport:transport-runtime:2.2.6] AndroidManifest.xml:27:13-117
237            android:exported="false"
237-->[com.google.android.datatransport:transport-runtime:2.2.6] AndroidManifest.xml:28:13-37
238            android:permission="android.permission.BIND_JOB_SERVICE" >
238-->[com.google.android.datatransport:transport-runtime:2.2.6] AndroidManifest.xml:29:13-69
239        </service>
240
241        <receiver
241-->[com.google.android.datatransport:transport-runtime:2.2.6] AndroidManifest.xml:32:9-34:40
242            android:name="com.google.android.datatransport.runtime.scheduling.jobscheduling.AlarmManagerSchedulerBroadcastReceiver"
242-->[com.google.android.datatransport:transport-runtime:2.2.6] AndroidManifest.xml:33:13-132
243            android:exported="false" />
243-->[com.google.android.datatransport:transport-runtime:2.2.6] AndroidManifest.xml:34:13-37
244        <receiver
244-->[androidx.profileinstaller:profileinstaller:1.3.0] AndroidManifest.xml:34:9-52:20
245            android:name="androidx.profileinstaller.ProfileInstallReceiver"
245-->[androidx.profileinstaller:profileinstaller:1.3.0] AndroidManifest.xml:35:13-76
246            android:directBootAware="false"
246-->[androidx.profileinstaller:profileinstaller:1.3.0] AndroidManifest.xml:36:13-44
247            android:enabled="true"
247-->[androidx.profileinstaller:profileinstaller:1.3.0] AndroidManifest.xml:37:13-35
248            android:exported="true"
248-->[androidx.profileinstaller:profileinstaller:1.3.0] AndroidManifest.xml:38:13-36
249            android:permission="android.permission.DUMP" >
249-->[androidx.profileinstaller:profileinstaller:1.3.0] AndroidManifest.xml:39:13-57
250            <intent-filter>
250-->[androidx.profileinstaller:profileinstaller:1.3.0] AndroidManifest.xml:40:13-42:29
251                <action android:name="androidx.profileinstaller.action.INSTALL_PROFILE" />
251-->[androidx.profileinstaller:profileinstaller:1.3.0] AndroidManifest.xml:41:17-91
251-->[androidx.profileinstaller:profileinstaller:1.3.0] AndroidManifest.xml:41:25-88
252            </intent-filter>
253            <intent-filter>
253-->[androidx.profileinstaller:profileinstaller:1.3.0] AndroidManifest.xml:43:13-45:29
254                <action android:name="androidx.profileinstaller.action.SKIP_FILE" />
254-->[androidx.profileinstaller:profileinstaller:1.3.0] AndroidManifest.xml:44:17-85
254-->[androidx.profileinstaller:profileinstaller:1.3.0] AndroidManifest.xml:44:25-82
255            </intent-filter>
256            <intent-filter>
256-->[androidx.profileinstaller:profileinstaller:1.3.0] AndroidManifest.xml:46:13-48:29
257                <action android:name="androidx.profileinstaller.action.SAVE_PROFILE" />
257-->[androidx.profileinstaller:profileinstaller:1.3.0] AndroidManifest.xml:47:17-88
257-->[androidx.profileinstaller:profileinstaller:1.3.0] AndroidManifest.xml:47:25-85
258            </intent-filter>
259            <intent-filter>
259-->[androidx.profileinstaller:profileinstaller:1.3.0] AndroidManifest.xml:49:13-51:29
260                <action android:name="androidx.profileinstaller.action.BENCHMARK_OPERATION" />
260-->[androidx.profileinstaller:profileinstaller:1.3.0] AndroidManifest.xml:50:17-95
260-->[androidx.profileinstaller:profileinstaller:1.3.0] AndroidManifest.xml:50:25-92
261            </intent-filter>
262        </receiver>
263    </application>
264
265</manifest>